<?xml version="1.0" encoding="utf-8"?><testsuites name="pytest tests"><testsuite name="pytest" errors="0" failures="0" skipped="0" tests="13" time="10.316" timestamp="2026-01-29T10:13:42.111191+00:00" hostname="agent-env-b53c4d5f-c2f5-4bc4-9648-5363240536d7"><testcase classname="backend.tests.test_multi_sport_events.TestMultiSportEvents" name="test_api_health" time="0.059" /><testcase classname="backend.tests.test_multi_sport_events.TestMultiSportEvents" name="test_sports_list" time="0.034" /><testcase classname="backend.tests.test_multi_sport_events.TestMultiSportEvents" name="test_nba_events" time="0.035" /><testcase classname="backend.tests.test_multi_sport_events.TestMultiSportEvents" name="test_nhl_events" time="0.037" /><testcase classname="backend.tests.test_multi_sport_events.TestMultiSportEvents" name="test_epl_events" time="0.039" /><testcase classname="backend.tests.test_multi_sport_events.TestMultiSportEvents" name="test_nfl_events" time="1.156" /><testcase classname="backend.tests.test_multi_sport_events.TestMultiSportEvents" name="test_mlb_events" time="1.173" /><testcase classname="backend.tests.test_multi_sport_events.TestLiveScores" name="test_live_scores_endpoint" time="0.340" /><testcase classname="backend.tests.test_multi_sport_events.TestLiveScores" name="test_scores_by_sport" time="4.405" /><testcase classname="backend.tests.test_multi_sport_events.TestEventDataStructure" name="test_events_have_sport_labels" time="0.104" /><testcase classname="backend.tests.test_multi_sport_events.TestEventDataStructure" name="test_events_sorted_by_commence_time" time="0.032" /><testcase classname="backend.tests.test_multi_sport_events.TestDashboardDataFlow" name="test_dashboard_fetches_all_sports" time="2.381" /><testcase classname="backend.tests.test_multi_sport_events.TestDashboardDataFlow" name="test_live_scores_for_dashboard" time="0.401" /></testsuite></testsuites>