<?xml version="1.0" encoding="utf-8"?><testsuites name="pytest tests"><testsuite name="pytest" errors="0" failures="0" skipped="0" tests="8" time="0.670" timestamp="2026-01-29T07:17:08.505426+00:00" hostname="agent-env-549c5143-59c4-4791-8b16-4d55aafb3b85"><testcase classname="backend.tests.test_my_bets.TestMyBetsAPI" name="test_get_my_bets_returns_200" time="0.054" /><testcase classname="backend.tests.test_my_bets.TestMyBetsAPI" name="test_post_my_bet_creates_bet" time="0.151" /><testcase classname="backend.tests.test_my_bets.TestMyBetsAPI" name="test_put_my_bet_updates_result" time="0.145" /><testcase classname="backend.tests.test_my_bets.TestMyBetsAPI" name="test_delete_my_bet_removes_bet" time="0.113" /><testcase classname="backend.tests.test_my_bets.TestHealthAndBasicEndpoints" name="test_root_endpoint" time="0.037" /><testcase classname="backend.tests.test_my_bets.TestHealthAndBasicEndpoints" name="test_performance_endpoint" time="0.036" /><testcase classname="backend.tests.test_my_bets.TestHealthAndBasicEndpoints" name="test_recommendations_endpoint" time="0.036" /><testcase classname="backend.tests.test_my_bets.TestHealthAndBasicEndpoints" name="test_events_endpoint" time="0.040" /></testsuite></testsuites>