<?xml version="1.0" encoding="utf-8"?><testsuites name="pytest tests"><testsuite name="pytest" errors="0" failures="1" skipped="0" tests="8" time="0.834" timestamp="2026-01-29T07:13:26.991051+00:00" hostname="agent-env-549c5143-59c4-4791-8b16-4d55aafb3b85"><testcase classname="backend.tests.test_my_bets.TestMyBetsAPI" name="test_get_my_bets_returns_200" time="0.100" /><testcase classname="backend.tests.test_my_bets.TestMyBetsAPI" name="test_post_my_bet_creates_bet" time="0.151" /><testcase classname="backend.tests.test_my_bets.TestMyBetsAPI" name="test_put_my_bet_updates_result" time="0.187" /><testcase classname="backend.tests.test_my_bets.TestMyBetsAPI" name="test_delete_my_bet_removes_bet" time="0.119" /><testcase classname="backend.tests.test_my_bets.TestHealthAndBasicEndpoints" name="test_health_endpoint" time="0.036"><failure message="AssertionError: Health check failed: 404&#10;assert 404 == 200&#10; +  where 404 = &lt;Response [404]&gt;.status_code">backend/tests/test_my_bets.py:141: in test_health_endpoint
    assert response.status_code == 200, f"Health check failed: {response.status_code}"
E   AssertionError: Health check failed: 404
E   assert 404 == 200
E    +  where 404 = &lt;Response [404]&gt;.status_code</failure></testcase><testcase classname="backend.tests.test_my_bets.TestHealthAndBasicEndpoints" name="test_performance_endpoint" time="0.037" /><testcase classname="backend.tests.test_my_bets.TestHealthAndBasicEndpoints" name="test_recommendations_endpoint" time="0.044" /><testcase classname="backend.tests.test_my_bets.TestHealthAndBasicEndpoints" name="test_events_endpoint" time="0.038" /></testsuite></testsuites>